<?xml version="1.0" encoding="UTF-8"?>
<!-- Generated by org.testng.reporters.JUnitXMLReporter -->
<testsuite ignored="0" hostname="LP-TZD-5X45755" failures="0" tests="4" name="Test" time="15.417" errors="0" timestamp="2026-01-27T10:03:49 IST">
  <testcase classname="SeleniumPac.TC_ParallelTest" name="test1" time="10.728"/>
  <testcase classname="SeleniumPac.TC_ParallelTest" name="test3" time="11.41"/>
  <testcase classname="SeleniumPac.TC_ParallelTest" name="test2" time="13.077"/>
  <testcase classname="SeleniumPac.TC_PT2" name="Test4" time="15.36"/>
</testsuite> <!-- Test -->
