<?xml version="1.0" encoding="UTF-8"?>
<!-- Generated by org.testng.reporters.JUnitXMLReporter -->
<testsuite ignored="0" hostname="LP-TZD-5X45755" failures="0" tests="4" name="Test" time="48.463" errors="0" timestamp="2026-01-23T15:26:22 GMT+05:30">
  <testcase classname="SeleniumPac.TC_PT2" name="Test4" time="19.88"/>
  <testcase classname="SeleniumPac.TC_ParallelTest" name="test1" time="20.057"/>
  <testcase classname="SeleniumPac.TC_ParallelTest" name="test3" time="20.987"/>
  <testcase classname="SeleniumPac.TC_ParallelTest" name="test2" time="48.349"/>
</testsuite> <!-- Test -->
