<?xml version="1.0" encoding="UTF-8"?>
<testng-results ignored="0" total="4" passed="4" failed="0" skipped="0">
  <reporter-output>
  </reporter-output>
  <suite started-at="2026-01-23T15:25:33 GMT+05:30" name="Suite" finished-at="2026-01-23T15:26:22 GMT+05:30" duration-ms="48463">
    <groups>
    </groups>
    <test started-at="2026-01-23T15:25:33 GMT+05:30" name="Test" finished-at="2026-01-23T15:26:22 GMT+05:30" duration-ms="48463">
      <class name="SeleniumPac.TC_PT2">
        <test-method signature="Test4()[pri:0, instance:SeleniumPac.TC_PT2@1d296da]" started-at="2026-01-23T15:25:33 GMT+05:30" name="Test4" finished-at="2026-01-23T15:25:53 GMT+05:30" duration-ms="19880" status="PASS">
          <reporter-output>
          </reporter-output>
        </test-method> <!-- Test4 -->
      </class> <!-- SeleniumPac.TC_PT2 -->
      <class name="SeleniumPac.TC_ParallelTest">
        <test-method signature="test2()[pri:0, instance:SeleniumPac.TC_ParallelTest@13c9d689]" started-at="2026-01-23T15:25:33 GMT+05:30" name="test2" finished-at="2026-01-23T15:26:22 GMT+05:30" duration-ms="48349" status="PASS">
          <reporter-output>
          </reporter-output>
        </test-method> <!-- test2 -->
        <test-method signature="test1()[pri:0, instance:SeleniumPac.TC_ParallelTest@13c9d689]" started-at="2026-01-23T15:25:33 GMT+05:30" name="test1" finished-at="2026-01-23T15:25:53 GMT+05:30" duration-ms="20057" status="PASS">
          <reporter-output>
          </reporter-output>
        </test-method> <!-- test1 -->
        <test-method signature="test3()[pri:0, instance:SeleniumPac.TC_ParallelTest@13c9d689]" started-at="2026-01-23T15:25:33 GMT+05:30" name="test3" finished-at="2026-01-23T15:25:54 GMT+05:30" duration-ms="20987" status="PASS">
          <reporter-output>
          </reporter-output>
        </test-method> <!-- test3 -->
      </class> <!-- SeleniumPac.TC_ParallelTest -->
    </test> <!-- Test -->
  </suite> <!-- Suite -->
</testng-results>
