<?xml version="1.0" encoding="UTF-8"?>
<testng-results ignored="0" total="2" passed="2" failed="0" skipped="0">
  <reporter-output>
  </reporter-output>
  <suite started-at="2026-01-27T10:04:45 IST" name="Default suite" finished-at="2026-01-27T10:05:22 IST" duration-ms="36878">
    <groups>
    </groups>
    <test started-at="2026-01-27T10:04:45 IST" name="Default test" finished-at="2026-01-27T10:05:22 IST" duration-ms="36878">
      <class name="SeleniumPac.TC_Testng">
        <test-method is-config="true" signature="beforeSuite()[pri:0, instance:SeleniumPac.TC_Testng@4c178a76]" started-at="2026-01-27T10:04:45 IST" name="beforeSuite" finished-at="2026-01-27T10:04:45 IST" duration-ms="12" status="PASS">
          <reporter-output>
          </reporter-output>
        </test-method> <!-- beforeSuite -->
        <test-method is-config="true" signature="beforeTest()[pri:0, instance:SeleniumPac.TC_Testng@4c178a76]" started-at="2026-01-27T10:04:45 IST" name="beforeTest" finished-at="2026-01-27T10:04:45 IST" duration-ms="0" status="PASS">
          <reporter-output>
          </reporter-output>
        </test-method> <!-- beforeTest -->
        <test-method is-config="true" signature="beforeClass()[pri:0, instance:SeleniumPac.TC_Testng@4c178a76]" started-at="2026-01-27T10:04:45 IST" name="beforeClass" finished-at="2026-01-27T10:04:45 IST" duration-ms="1" status="PASS">
          <reporter-output>
          </reporter-output>
        </test-method> <!-- beforeClass -->
        <test-method is-config="true" signature="beforeMethod()[pri:0, instance:SeleniumPac.TC_Testng@4c178a76]" started-at="2026-01-27T10:04:45 IST" name="beforeMethod" finished-at="2026-01-27T10:04:48 IST" duration-ms="2580" status="PASS">
          <reporter-output>
          </reporter-output>
        </test-method> <!-- beforeMethod -->
        <test-method signature="f(java.lang.String,java.lang.String)[pri:0, instance:SeleniumPac.TC_Testng@4c178a76]" started-at="2026-01-27T10:04:48 IST" name="f" data-provider="dp" finished-at="2026-01-27T10:05:04 IST" duration-ms="16396" status="PASS">
          <params>
            <param index="0">
              <value>
                <![CDATA[Admin]]>
              </value>
            </param>
            <param index="1">
              <value>
                <![CDATA[admin123]]>
              </value>
            </param>
          </params>
          <reporter-output>
          </reporter-output>
        </test-method> <!-- f -->
        <test-method is-config="true" signature="afterMethod()[pri:0, instance:SeleniumPac.TC_Testng@4c178a76]" started-at="2026-01-27T10:05:04 IST" name="afterMethod" finished-at="2026-01-27T10:05:04 IST" duration-ms="327" status="PASS">
          <reporter-output>
          </reporter-output>
        </test-method> <!-- afterMethod -->
        <test-method is-config="true" signature="beforeMethod()[pri:0, instance:SeleniumPac.TC_Testng@4c178a76]" started-at="2026-01-27T10:05:04 IST" name="beforeMethod" finished-at="2026-01-27T10:05:06 IST" duration-ms="1600" status="PASS">
          <reporter-output>
          </reporter-output>
        </test-method> <!-- beforeMethod -->
        <test-method signature="f(java.lang.String,java.lang.String)[pri:0, instance:SeleniumPac.TC_Testng@4c178a76]" started-at="2026-01-27T10:05:06 IST" name="f" data-provider="dp" finished-at="2026-01-27T10:05:22 IST" duration-ms="15591" status="PASS">
          <params>
            <param index="0">
              <value>
                <![CDATA[Admin]]>
              </value>
            </param>
            <param index="1">
              <value>
                <![CDATA[admin123]]>
              </value>
            </param>
          </params>
          <reporter-output>
          </reporter-output>
        </test-method> <!-- f -->
        <test-method is-config="true" signature="afterMethod()[pri:0, instance:SeleniumPac.TC_Testng@4c178a76]" started-at="2026-01-27T10:05:22 IST" name="afterMethod" finished-at="2026-01-27T10:05:22 IST" duration-ms="335" status="PASS">
          <reporter-output>
          </reporter-output>
        </test-method> <!-- afterMethod -->
        <test-method is-config="true" signature="afterClass()[pri:0, instance:SeleniumPac.TC_Testng@4c178a76]" started-at="2026-01-27T10:05:22 IST" name="afterClass" finished-at="2026-01-27T10:05:22 IST" duration-ms="0" status="PASS">
          <reporter-output>
          </reporter-output>
        </test-method> <!-- afterClass -->
        <test-method is-config="true" signature="afterTest()[pri:0, instance:SeleniumPac.TC_Testng@4c178a76]" started-at="2026-01-27T10:05:22 IST" name="afterTest" finished-at="2026-01-27T10:05:22 IST" duration-ms="1" status="PASS">
          <reporter-output>
          </reporter-output>
        </test-method> <!-- afterTest -->
        <test-method is-config="true" signature="afterSuite()[pri:0, instance:SeleniumPac.TC_Testng@4c178a76]" started-at="2026-01-27T10:05:22 IST" name="afterSuite" finished-at="2026-01-27T10:05:22 IST" duration-ms="2" status="PASS">
          <reporter-output>
          </reporter-output>
        </test-method> <!-- afterSuite -->
      </class> <!-- SeleniumPac.TC_Testng -->
    </test> <!-- Default test -->
  </suite> <!-- Default suite -->
</testng-results>
