<?xml version="1.0" encoding="UTF-8"?>
<!-- Generated by org.testng.reporters.JUnitReportReporter -->
<testsuite hostname="LP-TZD-5X45755" failures="0" tests="3" name="SeleniumPac.TC_ParallelTest" time="35.215" errors="0" timestamp="2026-01-27T10:03:49 IST" skipped="0">
  <testcase classname="SeleniumPac.TC_ParallelTest" name="test3" time="11.410"/>
  <testcase classname="SeleniumPac.TC_ParallelTest" name="test1" time="10.728"/>
  <testcase classname="SeleniumPac.TC_ParallelTest" name="test2" time="13.077"/>
</testsuite> <!-- SeleniumPac.TC_ParallelTest -->
