<?xml version="1.0" encoding="UTF-8"?>
<!-- Generated by org.testng.reporters.JUnitReportReporter -->
<testsuite hostname="LP-TZD-5X45755" failures="0" tests="3" name="SeleniumPac.TC_ParallelTest" time="89.393" errors="0" timestamp="2026-01-23T15:26:22 GMT+05:30" skipped="0">
  <testcase classname="SeleniumPac.TC_ParallelTest" name="test3" time="20.987"/>
  <testcase classname="SeleniumPac.TC_ParallelTest" name="test2" time="48.349"/>
  <testcase classname="SeleniumPac.TC_ParallelTest" name="test1" time="20.057"/>
</testsuite> <!-- SeleniumPac.TC_ParallelTest -->
